2022-09-12 13:16:37 INFO  ProyectoGrupalPa2Application:77 - com.uce.edu.demo.repository.modelo.Cliente@2b6dfeab
2022-09-12 13:17:36 INFO  ProyectoGrupalPa2Application:77 - com.uce.edu.demo.repository.modelo.Cliente@5925e2d6
2022-09-12 13:18:28 INFO  ProyectoGrupalPa2Application:77 - com.uce.edu.demo.repository.modelo.Cliente@4e1ae87c
2022-09-12 13:19:01 INFO  ProyectoGrupalPa2Application:77 - com.uce.edu.demo.repository.modelo.Cliente@6eb89901
2022-09-12 13:20:31 INFO  ProyectoGrupalPa2Application:77 - com.uce.edu.demo.repository.modelo.Cliente@200dca2a
2022-09-12 13:21:49 INFO  ProyectoGrupalPa2Application:77 - com.uce.edu.demo.repository.modelo.Cliente@4e1ae87c
2022-09-12 13:22:13 INFO  ProyectoGrupalPa2Application:77 - com.uce.edu.demo.repository.modelo.Cliente@4480e54
2022-09-12 13:23:22 INFO  ProyectoGrupalPa2Application:77 - com.uce.edu.demo.repository.modelo.Cliente@1e2cc4dc
2022-09-12 13:27:20 INFO  ProyectoGrupalPa2Application:77 - com.uce.edu.demo.repository.modelo.Cliente@31e858be
2022-09-12 13:29:34 INFO  ProyectoGrupalPa2Application:77 - com.uce.edu.demo.repository.modelo.Cliente@4e1ae87c
2022-09-12 13:32:17 INFO  ProyectoGrupalPa2Application:77 - com.uce.edu.demo.repository.modelo.Cliente@3aed66eb
2022-09-12 13:34:12 INFO  ProyectoGrupalPa2Application:77 - com.uce.edu.demo.repository.modelo.Cliente@548a488f
2022-09-12 13:35:52 INFO  ProyectoGrupalPa2Application:77 - com.uce.edu.demo.repository.modelo.Cliente@6a807d20
2022-09-12 13:36:26 INFO  ProyectoGrupalPa2Application:77 - com.uce.edu.demo.repository.modelo.Cliente@3deac1c1
2022-09-12 13:37:16 INFO  ProyectoGrupalPa2Application:77 - com.uce.edu.demo.repository.modelo.Cliente@54a0d9b8
2022-09-12 13:38:26 INFO  ProyectoGrupalPa2Application:77 - com.uce.edu.demo.repository.modelo.Cliente@412222fb
2022-09-12 13:39:20 INFO  ProyectoGrupalPa2Application:77 - com.uce.edu.demo.repository.modelo.Cliente@29b76cef
2022-09-12 13:40:10 INFO  ProyectoGrupalPa2Application:77 - com.uce.edu.demo.repository.modelo.Cliente@1d644346
2022-09-12 13:41:30 INFO  ProyectoGrupalPa2Application:77 - com.uce.edu.demo.repository.modelo.Cliente@2535cb8d
2022-09-12 13:42:27 INFO  ProyectoGrupalPa2Application:77 - com.uce.edu.demo.repository.modelo.Cliente@3511bccc
2022-09-12 13:44:33 INFO  ProyectoGrupalPa2Application:77 - com.uce.edu.demo.repository.modelo.Cliente@30acde88
2022-09-12 13:45:36 INFO  ProyectoGrupalPa2Application:77 - com.uce.edu.demo.repository.modelo.Cliente@254382af
2022-09-12 13:46:33 INFO  ProyectoGrupalPa2Application:77 - com.uce.edu.demo.repository.modelo.Cliente@40ea43ec
2022-09-12 13:47:12 INFO  ProyectoGrupalPa2Application:77 - com.uce.edu.demo.repository.modelo.Cliente@650f8c43
2022-09-12 13:48:59 INFO  ProyectoGrupalPa2Application:77 - com.uce.edu.demo.repository.modelo.Cliente@7b6ffd02
2022-09-12 13:52:07 INFO  ProyectoGrupalPa2Application:77 - com.uce.edu.demo.repository.modelo.Cliente@6e4d676f
2022-09-12 13:54:53 INFO  ProyectoGrupalPa2Application:77 - com.uce.edu.demo.repository.modelo.Cliente@6b94e5e7
2022-09-12 13:57:53 INFO  ProyectoGrupalPa2Application:77 - com.uce.edu.demo.repository.modelo.Cliente@67e99010
2022-09-12 13:59:04 INFO  ProyectoGrupalPa2Application:77 - com.uce.edu.demo.repository.modelo.Cliente@680730cd
2022-09-12 14:00:14 INFO  ProyectoGrupalPa2Application:77 - com.uce.edu.demo.repository.modelo.Cliente@13489fb9
2022-09-12 14:06:19 INFO  ProyectoGrupalPa2Application:77 - com.uce.edu.demo.repository.modelo.Cliente@200dca2a
2022-09-12 14:08:12 INFO  ProyectoGrupalPa2Application:77 - com.uce.edu.demo.repository.modelo.Cliente@1e2cc4dc
2022-09-12 14:09:20 INFO  ProyectoGrupalPa2Application:77 - com.uce.edu.demo.repository.modelo.Cliente@69b99f26
2022-09-12 14:14:00 INFO  ProyectoGrupalPa2Application:77 - com.uce.edu.demo.repository.modelo.Cliente@7046262c
2022-09-12 14:16:07 INFO  ProyectoGrupalPa2Application:77 - com.uce.edu.demo.repository.modelo.Cliente@7046262c
2022-09-12 14:17:17 INFO  ProyectoGrupalPa2Application:77 - com.uce.edu.demo.repository.modelo.Cliente@310fa090
2022-09-12 14:19:46 INFO  ProyectoGrupalPa2Application:77 - com.uce.edu.demo.repository.modelo.Cliente@7046262c
2022-09-12 14:21:41 INFO  ProyectoGrupalPa2Application:77 - com.uce.edu.demo.repository.modelo.Cliente@200dca2a
2022-09-12 14:22:29 INFO  ProyectoGrupalPa2Application:77 - com.uce.edu.demo.repository.modelo.Cliente@7dd7e773
2022-09-12 14:23:29 INFO  ProyectoGrupalPa2Application:77 - com.uce.edu.demo.repository.modelo.Cliente@61dd7eb5
2022-09-12 14:25:50 INFO  ProyectoGrupalPa2Application:77 - com.uce.edu.demo.repository.modelo.Cliente@5678784e
2022-09-12 14:26:30 INFO  ProyectoGrupalPa2Application:77 - com.uce.edu.demo.repository.modelo.Cliente@3b5c159e
2022-09-12 14:27:42 INFO  ProyectoGrupalPa2Application:77 - com.uce.edu.demo.repository.modelo.Cliente@1d8d9898
2022-09-12 14:28:25 INFO  ProyectoGrupalPa2Application:77 - com.uce.edu.demo.repository.modelo.Cliente@7046262c
2022-09-12 14:29:53 INFO  ProyectoGrupalPa2Application:77 - com.uce.edu.demo.repository.modelo.Cliente@5d959dad
2022-09-12 14:32:54 INFO  ProyectoGrupalPa2Application:77 - com.uce.edu.demo.repository.modelo.Cliente@1e2cc4dc
2022-09-12 14:40:11 INFO  ProyectoGrupalPa2Application:77 - com.uce.edu.demo.repository.modelo.Cliente@c789cb6
2022-09-12 14:41:48 INFO  ProyectoGrupalPa2Application:77 - com.uce.edu.demo.repository.modelo.Cliente@1282d24a
2022-09-12 14:42:53 INFO  ProyectoGrupalPa2Application:77 - com.uce.edu.demo.repository.modelo.Cliente@cd76a9e
2022-09-12 14:44:31 INFO  ProyectoGrupalPa2Application:77 - com.uce.edu.demo.repository.modelo.Cliente@6ecbc9e7
2022-09-12 15:02:43 INFO  ProyectoGrupalPa2Application:77 - com.uce.edu.demo.repository.modelo.Cliente@1b1d2d16
2022-09-12 15:04:10 INFO  ProyectoGrupalPa2Application:77 - com.uce.edu.demo.repository.modelo.Cliente@5925e2d6
2022-09-12 15:05:34 INFO  ProyectoGrupalPa2Application:77 - com.uce.edu.demo.repository.modelo.Cliente@329348f4
2022-09-12 15:06:33 INFO  ProyectoGrupalPa2Application:77 - com.uce.edu.demo.repository.modelo.Cliente@69b99f26
2022-09-12 15:08:22 INFO  ProyectoGrupalPa2Application:77 - com.uce.edu.demo.repository.modelo.Cliente@67d1578d
2022-09-12 15:10:50 INFO  ProyectoGrupalPa2Application:77 - com.uce.edu.demo.repository.modelo.Cliente@5d959dad
2022-09-12 15:15:03 INFO  ProyectoGrupalPa2Application:77 - com.uce.edu.demo.repository.modelo.Cliente@756bc080
2022-09-12 15:15:51 INFO  ProyectoGrupalPa2Application:77 - com.uce.edu.demo.repository.modelo.Cliente@5678784e
2022-09-12 15:17:50 INFO  ProyectoGrupalPa2Application:77 - com.uce.edu.demo.repository.modelo.Cliente@52a19bcb
2022-09-12 15:20:46 INFO  ProyectoGrupalPa2Application:77 - com.uce.edu.demo.repository.modelo.Cliente@200dca2a
2022-09-12 15:21:22 INFO  ProyectoGrupalPa2Application:77 - com.uce.edu.demo.repository.modelo.Cliente@310fa090
2022-09-12 15:22:16 INFO  ProyectoGrupalPa2Application:77 - com.uce.edu.demo.repository.modelo.Cliente@4e1ae87c
2022-09-12 15:26:13 INFO  ProyectoGrupalPa2Application:77 - com.uce.edu.demo.repository.modelo.Cliente@7f14f55
2022-09-12 15:28:18 INFO  ProyectoGrupalPa2Application:77 - com.uce.edu.demo.repository.modelo.Cliente@385b50e
2022-09-12 15:29:54 INFO  ProyectoGrupalPa2Application:77 - com.uce.edu.demo.repository.modelo.Cliente@239c4610
2022-09-12 15:32:15 INFO  ProyectoGrupalPa2Application:77 - com.uce.edu.demo.repository.modelo.Cliente@3b331f90
2022-09-12 15:33:37 INFO  ProyectoGrupalPa2Application:77 - com.uce.edu.demo.repository.modelo.Cliente@2509b887
2022-09-12 15:34:16 INFO  ProyectoGrupalPa2Application:77 - com.uce.edu.demo.repository.modelo.Cliente@61dd7eb5
2022-09-12 15:34:59 INFO  ProyectoGrupalPa2Application:77 - com.uce.edu.demo.repository.modelo.Cliente@1d8d9898
2022-09-12 15:35:32 INFO  ProyectoGrupalPa2Application:77 - com.uce.edu.demo.repository.modelo.Cliente@4c63d81e
2022-09-12 15:37:05 INFO  ProyectoGrupalPa2Application:77 - com.uce.edu.demo.repository.modelo.Cliente@1d8d9898
2022-09-12 15:37:29 INFO  ProyectoGrupalPa2Application:77 - com.uce.edu.demo.repository.modelo.Cliente@73dca7ee
2022-09-12 15:38:47 INFO  ProyectoGrupalPa2Application:77 - com.uce.edu.demo.repository.modelo.Cliente@4e1ae87c
2022-09-12 15:39:57 INFO  ProyectoGrupalPa2Application:77 - com.uce.edu.demo.repository.modelo.Cliente@3b5c159e
2022-09-12 15:42:26 INFO  ProyectoGrupalPa2Application:77 - com.uce.edu.demo.repository.modelo.Cliente@4247c080
2022-09-12 15:44:54 INFO  ProyectoGrupalPa2Application:77 - com.uce.edu.demo.repository.modelo.Cliente@4c467dd4
2022-09-12 15:45:31 INFO  ProyectoGrupalPa2Application:77 - com.uce.edu.demo.repository.modelo.Cliente@5678784e
2022-09-12 15:47:41 INFO  ProyectoGrupalPa2Application:77 - com.uce.edu.demo.repository.modelo.Cliente@8e29077
2022-09-12 15:48:08 INFO  ProyectoGrupalPa2Application:77 - com.uce.edu.demo.repository.modelo.Cliente@a9b5135
2022-09-12 15:49:09 INFO  ProyectoGrupalPa2Application:77 - com.uce.edu.demo.repository.modelo.Cliente@5c4124e8
2022-09-12 15:50:01 INFO  ProyectoGrupalPa2Application:77 - com.uce.edu.demo.repository.modelo.Cliente@4e7b2e48
2022-09-12 15:51:35 INFO  ProyectoGrupalPa2Application:77 - com.uce.edu.demo.repository.modelo.Cliente@16e17948
2022-09-12 15:52:54 INFO  ProyectoGrupalPa2Application:77 - com.uce.edu.demo.repository.modelo.Cliente@1282d24a
2022-09-12 15:53:39 INFO  ProyectoGrupalPa2Application:77 - com.uce.edu.demo.repository.modelo.Cliente@4e1ae87c
2022-09-12 15:56:26 INFO  ProyectoGrupalPa2Application:77 - com.uce.edu.demo.repository.modelo.Cliente@40ea43ec
2022-09-12 15:57:13 INFO  ProyectoGrupalPa2Application:77 - com.uce.edu.demo.repository.modelo.Cliente@7046262c
2022-09-12 15:57:59 INFO  ProyectoGrupalPa2Application:77 - com.uce.edu.demo.repository.modelo.Cliente@2daf28ae
2022-09-12 15:59:30 INFO  ProyectoGrupalPa2Application:77 - com.uce.edu.demo.repository.modelo.Cliente@4e1ae87c
2022-09-12 16:02:16 INFO  ProyectoGrupalPa2Application:77 - com.uce.edu.demo.repository.modelo.Cliente@44951cfd
2022-09-12 16:04:41 INFO  ProyectoGrupalPa2Application:77 - com.uce.edu.demo.repository.modelo.Cliente@4f05436b
2022-09-12 16:08:54 INFO  ProyectoGrupalPa2Application:77 - com.uce.edu.demo.repository.modelo.Cliente@3b331f90
2022-09-12 16:09:36 INFO  ProyectoGrupalPa2Application:77 - com.uce.edu.demo.repository.modelo.Cliente@1e2cc4dc
2022-09-12 16:10:53 INFO  ProyectoGrupalPa2Application:77 - com.uce.edu.demo.repository.modelo.Cliente@7dd7e773
2022-09-12 16:12:58 INFO  ProyectoGrupalPa2Application:77 - com.uce.edu.demo.repository.modelo.Cliente@2d2bea6
2022-09-12 16:13:36 INFO  ProyectoGrupalPa2Application:77 - com.uce.edu.demo.repository.modelo.Cliente@2534a36f
2022-09-12 16:15:13 INFO  ProyectoGrupalPa2Application:77 - com.uce.edu.demo.repository.modelo.Cliente@9bddf54
2022-09-12 16:16:36 INFO  ProyectoGrupalPa2Application:77 - com.uce.edu.demo.repository.modelo.Cliente@4a7be15a
2022-09-12 16:18:21 INFO  ProyectoGrupalPa2Application:77 - com.uce.edu.demo.repository.modelo.Cliente@5765e16c
2022-09-12 16:19:32 INFO  ProyectoGrupalPa2Application:77 - com.uce.edu.demo.repository.modelo.Cliente@1282d24a
2022-09-12 16:21:06 INFO  ProyectoGrupalPa2Application:77 - com.uce.edu.demo.repository.modelo.Cliente@5678784e
2022-09-12 16:21:46 INFO  ProyectoGrupalPa2Application:77 - com.uce.edu.demo.repository.modelo.Cliente@5f12933d
2022-09-12 16:23:38 INFO  ProyectoGrupalPa2Application:77 - com.uce.edu.demo.repository.modelo.Cliente@20e1d3ad
2022-09-12 16:26:08 INFO  ProyectoGrupalPa2Application:77 - com.uce.edu.demo.repository.modelo.Cliente@6a6751e1
2022-09-12 16:29:15 INFO  ProyectoGrupalPa2Application:77 - com.uce.edu.demo.repository.modelo.Cliente@65782163
2022-09-12 16:30:44 INFO  ProyectoGrupalPa2Application:77 - com.uce.edu.demo.repository.modelo.Cliente@200dca2a
2022-09-12 16:32:06 INFO  ProyectoGrupalPa2Application:77 - com.uce.edu.demo.repository.modelo.Cliente@1c39a15f
2022-09-12 16:33:17 INFO  ProyectoGrupalPa2Application:77 - com.uce.edu.demo.repository.modelo.Cliente@73c4d11d
2022-09-12 16:38:05 INFO  ProyectoGrupalPa2Application:77 - com.uce.edu.demo.repository.modelo.Cliente@48c6a32
2022-09-12 16:43:42 INFO  ProyectoGrupalPa2Application:77 - com.uce.edu.demo.repository.modelo.Cliente@551d0b6a
2022-09-12 16:45:28 INFO  ProyectoGrupalPa2Application:77 - com.uce.edu.demo.repository.modelo.Cliente@200dca2a
2022-09-12 16:45:58 INFO  ProyectoGrupalPa2Application:77 - com.uce.edu.demo.repository.modelo.Cliente@71210e7c
2022-09-12 16:54:35 INFO  ProyectoGrupalPa2Application:77 - com.uce.edu.demo.repository.modelo.Cliente@69eb7506
2022-09-12 16:55:26 INFO  ProyectoGrupalPa2Application:77 - com.uce.edu.demo.repository.modelo.Cliente@304e1e4e
2022-09-12 16:55:27 INFO  root:268 - Clientes con apellido:Ordoñez son: [com.uce.edu.demo.repository.modelo.Cliente@356ab368, com.uce.edu.demo.repository.modelo.Cliente@64e247e, com.uce.edu.demo.repository.modelo.Cliente@3458be63]
2022-09-12 16:55:27 INFO  root:198 - Genero: Masculino
2022-09-12 16:55:27 INFO  root:201 - Genero actualizado: Femenino
2022-09-12 16:55:27 INFO  root:76 - Cedula: null
2022-09-12 16:55:27 INFO  root:79 - Cedula actualizada: 23132
2022-09-12 16:55:27 INFO  root:66 - Cliente: com.uce.edu.demo.repository.modelo.Cliente@4bc39640
2022-09-12 16:55:27 INFO  root:188 - Cliente: com.uce.edu.demo.repository.modelo.Cliente@6f12fca0
2022-09-12 16:55:27 INFO  root:114 - Cliente eliminado: null
2022-09-12 16:56:54 INFO  ProyectoGrupalPa2Application:77 - com.uce.edu.demo.repository.modelo.Cliente@5026f379
2022-09-12 16:57:06 INFO  ProyectoGrupalPa2Application:77 - com.uce.edu.demo.repository.modelo.Cliente@25e24908
2022-09-12 16:57:07 INFO  root:268 - Clientes con apellido:Ordoñez son: [com.uce.edu.demo.repository.modelo.Cliente@47ab3688, com.uce.edu.demo.repository.modelo.Cliente@6ac0fd1d, com.uce.edu.demo.repository.modelo.Cliente@6413eeb7]
2022-09-12 16:57:07 INFO  root:198 - Genero: Masculino
2022-09-12 16:57:07 INFO  root:201 - Genero actualizado: Femenino
2022-09-12 16:57:07 INFO  root:235 - Cliente eliminado: null
2022-09-12 16:57:07 INFO  root:76 - Cedula: null
2022-09-12 16:57:07 INFO  root:79 - Cedula actualizada: 23132
2022-09-12 16:57:07 INFO  root:66 - Cliente: com.uce.edu.demo.repository.modelo.Cliente@20608ef4
2022-09-12 16:57:07 INFO  root:188 - Cliente: com.uce.edu.demo.repository.modelo.Cliente@5fe4848
2022-09-12 16:57:07 INFO  root:114 - Cliente eliminado: null
2022-09-12 17:25:30 INFO  root:268 - Clientes con apellido:Ordoñez son: [com.uce.edu.demo.repository.modelo.Cliente@2d4f1ddd, com.uce.edu.demo.repository.modelo.Cliente@4bc39640, com.uce.edu.demo.repository.modelo.Cliente@6892d403]
2022-09-12 17:25:30 INFO  root:198 - Genero: Masculino
2022-09-12 17:25:30 INFO  root:201 - Genero actualizado: Femenino
2022-09-12 17:25:30 INFO  root:235 - Cliente eliminado: null
2022-09-12 17:25:30 INFO  root:76 - Cedula: null
2022-09-12 17:25:30 INFO  root:79 - Cedula actualizada: 23132
2022-09-12 17:25:30 INFO  root:66 - Cliente: com.uce.edu.demo.repository.modelo.Cliente@65fe1f47
2022-09-12 17:25:30 INFO  root:188 - Cliente: com.uce.edu.demo.repository.modelo.Cliente@63d14dbf
2022-09-12 17:25:30 INFO  root:114 - Cliente eliminado: null
2022-09-12 17:26:36 INFO  root:134 - Reserva: 2022-09-10T00:00
2022-09-12 17:26:36 INFO  root:137 - Reserva actualizada: 2022-09-12T17:26:36.162896100
2022-09-12 17:26:36 INFO  root:153 - Reserva eliminado: null
2022-09-12 17:26:36 INFO  root:166 - El numero de la reserva es: com.uce.edu.demo.repository.modelo.Reserva@28941a68
2022-09-12 17:26:36 INFO  root:66 - Reserva: DIS
2022-09-12 17:26:36 INFO  root:69 - Reserva actualizada: OCU
2022-09-12 17:26:36 INFO  root:85 - Reserva eliminado: null
2022-09-12 17:26:46 INFO  root:227 - El id del vehiculo con placa sdsadsdaf es 462
2022-09-12 17:26:46 INFO  root:270 - Los vehiculos son:[com.uce.edu.demo.repository.modelo.Vehiculo@c3a1d7f, com.uce.edu.demo.repository.modelo.Vehiculo@7a023e34]
2022-09-12 17:26:46 INFO  root:114 - el dato es: com.uce.edu.demo.repository.modelo.Vehiculo@7a1878d
